<?xml version="1.0" encoding="UTF-8"?>
<testng-results ignored="0" total="6" passed="5" failed="1" skipped="0">
  <reporter-output>
  </reporter-output>
  <suite started-at="2021-04-26T15:41:24 IST" name="Suite" finished-at="2021-04-26T15:42:06 IST" duration-ms="41548">
    <groups>
      <group name="cucumber">
        <method signature="AbstractTestNGCucumberTests.runScenario(io.cucumber.testng.PickleWrapper, io.cucumber.testng.FeatureWrapper)[pri:0, instance:runner.Runner@1583741e]" name="runScenario" class="io.cucumber.testng.AbstractTestNGCucumberTests"/>
      </group> <!-- cucumber -->
    </groups>
    <test started-at="2021-04-26T15:41:24 IST" name="OmayoTest" finished-at="2021-04-26T15:41:38 IST" duration-ms="14348">
      <class name="test.OmayoTest">
        <test-method signature="launchOmayo()[pri:0, instance:test.OmayoTest@82ea68c]" started-at="2021-04-26T15:41:24 IST" name="launchOmayo" finished-at="2021-04-26T15:41:37 IST" duration-ms="13388" status="FAIL">
          <exception class="java.lang.AssertionError">
            <message>
              <![CDATA[expected [omayo (QAFox.com)1123] but found [omayo (QAFox.com)]]]>
            </message>
            <full-stacktrace>
              <![CDATA[java.lang.AssertionError: expected [omayo (QAFox.com)1123] but found [omayo (QAFox.com)]
at org.testng.Assert.fail(Assert.java:99)
at org.testng.Assert.failNotEquals(Assert.java:1037)
at org.testng.Assert.assertEqualsImpl(Assert.java:140)
at org.testng.Assert.assertEquals(Assert.java:122)
at org.testng.Assert.assertEquals(Assert.java:629)
at org.testng.Assert.assertEquals(Assert.java:639)
at test.OmayoTest.launchOmayo(OmayoTest.java:23)
at java.base/jdk.internal.reflect.NativeMethodAccessorImpl.invoke0(Native Method)
at java.base/jdk.internal.reflect.NativeMethodAccessorImpl.invoke(NativeMethodAccessorImpl.java:62)
at java.base/jdk.internal.reflect.DelegatingMethodAccessorImpl.invoke(DelegatingMethodAccessorImpl.java:43)
at java.base/java.lang.reflect.Method.invoke(Method.java:566)
at org.testng.internal.MethodInvocationHelper.invokeMethod(MethodInvocationHelper.java:132)
at org.testng.internal.TestInvoker.invokeMethod(TestInvoker.java:599)
at org.testng.internal.TestInvoker.invokeTestMethod(TestInvoker.java:174)
at org.testng.internal.MethodRunner.runInSequence(MethodRunner.java:46)
at org.testng.internal.TestInvoker$MethodInvocationAgent.invoke(TestInvoker.java:822)
at org.testng.internal.TestInvoker.invokeTestMethods(TestInvoker.java:147)
at org.testng.internal.TestMethodWorker.invokeTestMethods(TestMethodWorker.java:146)
at org.testng.internal.TestMethodWorker.run(TestMethodWorker.java:128)
at java.base/java.util.ArrayList.forEach(ArrayList.java:1541)
at org.testng.TestRunner.privateRun(TestRunner.java:764)
at org.testng.TestRunner.run(TestRunner.java:585)
at org.testng.SuiteRunner.runTest(SuiteRunner.java:384)
at org.testng.SuiteRunner.access$000(SuiteRunner.java:28)
at org.testng.SuiteRunner$SuiteWorker.run(SuiteRunner.java:425)
at org.testng.internal.thread.ThreadUtil.lambda$execute$0(ThreadUtil.java:66)
at java.base/java.util.concurrent.FutureTask.run(FutureTask.java:264)
at java.base/java.util.concurrent.ThreadPoolExecutor.runWorker(ThreadPoolExecutor.java:1128)
at java.base/java.util.concurrent.ThreadPoolExecutor$Worker.run(ThreadPoolExecutor.java:628)
at java.base/java.lang.Thread.run(Thread.java:834)
]]>
            </full-stacktrace>
          </exception> <!-- java.lang.AssertionError -->
          <reporter-output>
          </reporter-output>
        </test-method> <!-- launchOmayo -->
        <test-method is-config="true" signature="tearDown()[pri:0, instance:test.OmayoTest@82ea68c]" started-at="2021-04-26T15:41:38 IST" name="tearDown" finished-at="2021-04-26T15:41:38 IST" duration-ms="247" status="PASS">
          <reporter-output>
          </reporter-output>
        </test-method> <!-- tearDown -->
      </class> <!-- test.OmayoTest -->
    </test> <!-- OmayoTest -->
    <test started-at="2021-04-26T15:41:24 IST" name="GoogleTest" finished-at="2021-04-26T15:41:42 IST" duration-ms="17581">
      <class name="test.GoogleTest">
        <test-method signature="launchGoogle()[pri:0, instance:test.GoogleTest@5454d35e]" started-at="2021-04-26T15:41:24 IST" name="launchGoogle" finished-at="2021-04-26T15:41:36 IST" duration-ms="12282" status="PASS">
          <reporter-output>
          </reporter-output>
        </test-method> <!-- launchGoogle -->
        <test-method is-config="true" signature="tearDown()[pri:0, instance:test.GoogleTest@5454d35e]" started-at="2021-04-26T15:41:36 IST" name="tearDown" finished-at="2021-04-26T15:41:42 IST" duration-ms="5210" status="PASS">
          <reporter-output>
          </reporter-output>
        </test-method> <!-- tearDown -->
      </class> <!-- test.GoogleTest -->
    </test> <!-- GoogleTest -->
    <test started-at="2021-04-26T15:41:24 IST" name="CucumberTest" finished-at="2021-04-26T15:41:43 IST" duration-ms="19241">
      <class name="runner.Runner">
        <test-method is-config="true" signature="setUpClass()[pri:0, instance:runner.Runner@1583741e]" started-at="2021-04-26T15:41:24 IST" name="setUpClass" finished-at="2021-04-26T15:41:25 IST" duration-ms="1140" status="PASS">
          <reporter-output>
          </reporter-output>
        </test-method> <!-- setUpClass -->
        <test-method signature="runScenario(io.cucumber.testng.PickleWrapper, io.cucumber.testng.FeatureWrapper)[pri:0, instance:runner.Runner@1583741e]" started-at="2021-04-26T15:41:25 IST" name="runScenario" description="Runs Cucumber Scenarios" data-provider="scenarios" finished-at="2021-04-26T15:41:43 IST" duration-ms="18033" status="PASS">
          <params>
            <param index="0">
              <value>
                <![CDATA["Login With valid Credentials"]]>
              </value>
            </param>
            <param index="1">
              <value>
                <![CDATA["Optional[Application Login]"]]>
              </value>
            </param>
          </params>
          <reporter-output>
          </reporter-output>
        </test-method> <!-- runScenario -->
        <test-method is-config="true" signature="tearDownClass()[pri:0, instance:runner.Runner@1583741e]" started-at="2021-04-26T15:41:43 IST" name="tearDownClass" finished-at="2021-04-26T15:41:43 IST" duration-ms="21" status="PASS">
          <reporter-output>
          </reporter-output>
        </test-method> <!-- tearDownClass -->
      </class> <!-- runner.Runner -->
    </test> <!-- CucumberTest -->
    <test started-at="2021-04-26T15:41:24 IST" name="LoginTest" finished-at="2021-04-26T15:42:06 IST" duration-ms="41548">
      <class name="test.LoginTest">
        <test-method is-config="true" signature="setup()[pri:0, instance:test.LoginTest@176b75f7]" started-at="2021-04-26T15:41:24 IST" name="setup" finished-at="2021-04-26T15:41:36 IST" duration-ms="12070" status="PASS">
          <reporter-output>
          </reporter-output>
        </test-method> <!-- setup -->
        <test-method signature="login(java.lang.String, java.lang.String, java.lang.String)[pri:0, instance:test.LoginTest@176b75f7]" started-at="2021-04-26T15:41:36 IST" name="login" data-provider="getLoginData" finished-at="2021-04-26T15:41:41 IST" duration-ms="4520" status="PASS">
          <params>
            <param index="0">
              <value>
                <![CDATA[arun.selenium@gmail.com]]>
              </value>
            </param>
            <param index="1">
              <value>
                <![CDATA[Second@123]]>
              </value>
            </param>
            <param index="2">
              <value>
                <![CDATA[Success]]>
              </value>
            </param>
          </params>
          <reporter-output>
          </reporter-output>
        </test-method> <!-- login -->
        <test-method is-config="true" signature="tearDown()[pri:0, instance:test.LoginTest@176b75f7]" started-at="2021-04-26T15:41:41 IST" name="tearDown" finished-at="2021-04-26T15:41:41 IST" duration-ms="188" status="PASS">
          <reporter-output>
          </reporter-output>
        </test-method> <!-- tearDown -->
        <test-method is-config="true" signature="setup()[pri:0, instance:test.LoginTest@176b75f7]" started-at="2021-04-26T15:41:41 IST" name="setup" finished-at="2021-04-26T15:41:44 IST" duration-ms="3271" status="PASS">
          <reporter-output>
          </reporter-output>
        </test-method> <!-- setup -->
        <test-method signature="login(java.lang.String, java.lang.String, java.lang.String)[pri:0, instance:test.LoginTest@176b75f7]" started-at="2021-04-26T15:41:44 IST" name="login" data-provider="getLoginData" finished-at="2021-04-26T15:41:46 IST" duration-ms="1697" status="PASS">
          <params>
            <param index="0">
              <value>
                <![CDATA[arun.selenium5@gmail.com]]>
              </value>
            </param>
            <param index="1">
              <value>
                <![CDATA[Second@123]]>
              </value>
            </param>
            <param index="2">
              <value>
                <![CDATA[Success]]>
              </value>
            </param>
          </params>
          <reporter-output>
          </reporter-output>
        </test-method> <!-- login -->
        <test-method is-config="true" signature="tearDown()[pri:0, instance:test.LoginTest@176b75f7]" started-at="2021-04-26T15:41:46 IST" name="tearDown" finished-at="2021-04-26T15:41:46 IST" duration-ms="167" status="PASS">
          <reporter-output>
          </reporter-output>
        </test-method> <!-- tearDown -->
        <test-method is-config="true" signature="setup()[pri:0, instance:test.LoginTest@176b75f7]" started-at="2021-04-26T15:41:46 IST" name="setup" finished-at="2021-04-26T15:41:50 IST" duration-ms="3544" status="PASS">
          <reporter-output>
          </reporter-output>
        </test-method> <!-- setup -->
        <test-method signature="login(java.lang.String, java.lang.String, java.lang.String)[pri:0, instance:test.LoginTest@176b75f7]" started-at="2021-04-26T15:41:50 IST" name="login" data-provider="getLoginData" finished-at="2021-04-26T15:42:01 IST" duration-ms="11730" status="PASS">
          <params>
            <param index="0">
              <value>
                <![CDATA[dummt.test@gmail.com]]>
              </value>
            </param>
            <param index="1">
              <value>
                <![CDATA[test123]]>
              </value>
            </param>
            <param index="2">
              <value>
                <![CDATA[Failure]]>
              </value>
            </param>
          </params>
          <reporter-output>
          </reporter-output>
        </test-method> <!-- login -->
        <test-method is-config="true" signature="tearDown()[pri:0, instance:test.LoginTest@176b75f7]" started-at="2021-04-26T15:42:01 IST" name="tearDown" finished-at="2021-04-26T15:42:06 IST" duration-ms="4276" status="PASS">
          <reporter-output>
          </reporter-output>
        </test-method> <!-- tearDown -->
      </class> <!-- test.LoginTest -->
    </test> <!-- LoginTest -->
  </suite> <!-- Suite -->
</testng-results>
